000 (4928.000.000) 03/30 23:52:05 Job submitted from host: <192.168.1.1:40323>
    DAG Node: B
...
000 (4928.001.000) 03/30 23:52:05 Job submitted from host: <192.168.1.1:40323>
    DAG Node: B
...
000 (4928.002.000) 03/30 23:52:05 Job submitted from host: <192.168.1.1:40323>
    DAG Node: B
...
000 (4928.003.000) 03/30 23:52:05 Job submitted from host: <192.168.1.1:40323>
    DAG Node: B
...
000 (4928.004.000) 03/30 23:52:05 Job submitted from host: <192.168.1.1:40323>
    DAG Node: B
...
000 (4928.005.000) 03/30 23:52:05 Job submitted from host: <192.168.1.1:40323>
    DAG Node: B
...
000 (4928.006.000) 03/30 23:52:05 Job submitted from host: <192.168.1.1:40323>
    DAG Node: B
...
000 (4928.007.000) 03/30 23:52:05 Job submitted from host: <192.168.1.1:40323>
    DAG Node: B
...
000 (4928.008.000) 03/30 23:52:05 Job submitted from host: <192.168.1.1:40323>
    DAG Node: B
...
000 (4928.009.000) 03/30 23:52:05 Job submitted from host: <192.168.1.1:40323>
    DAG Node: B
...
000 (4928.010.000) 03/30 23:52:05 Job submitted from host: <192.168.1.1:40323>
    DAG Node: B
...
000 (4928.011.000) 03/30 23:52:05 Job submitted from host: <192.168.1.1:40323>
    DAG Node: B
...
000 (4928.012.000) 03/30 23:52:05 Job submitted from host: <192.168.1.1:40323>
    DAG Node: B
...
000 (4928.013.000) 03/30 23:52:05 Job submitted from host: <192.168.1.1:40323>
    DAG Node: B
...
000 (4928.014.000) 03/30 23:52:05 Job submitted from host: <192.168.1.1:40323>
    DAG Node: B
...
000 (4928.015.000) 03/30 23:52:05 Job submitted from host: <192.168.1.1:40323>
    DAG Node: B
...
000 (4928.016.000) 03/30 23:52:05 Job submitted from host: <192.168.1.1:40323>
    DAG Node: B
...
000 (4928.017.000) 03/30 23:52:05 Job submitted from host: <192.168.1.1:40323>
    DAG Node: B
...
000 (4928.018.000) 03/30 23:52:05 Job submitted from host: <192.168.1.1:40323>
    DAG Node: B
...
000 (4928.019.000) 03/30 23:52:05 Job submitted from host: <192.168.1.1:40323>
    DAG Node: B
...
000 (4928.020.000) 03/30 23:52:05 Job submitted from host: <192.168.1.1:40323>
    DAG Node: B
...
000 (4928.021.000) 03/30 23:52:05 Job submitted from host: <192.168.1.1:40323>
    DAG Node: B
...
000 (4928.022.000) 03/30 23:52:05 Job submitted from host: <192.168.1.1:40323>
    DAG Node: B
...
000 (4928.023.000) 03/30 23:52:05 Job submitted from host: <192.168.1.1:40323>
    DAG Node: B
...
000 (4928.024.000) 03/30 23:52:05 Job submitted from host: <192.168.1.1:40323>
    DAG Node: B
...
000 (4928.025.000) 03/30 23:52:05 Job submitted from host: <192.168.1.1:40323>
    DAG Node: B
...
000 (4928.026.000) 03/30 23:52:05 Job submitted from host: <192.168.1.1:40323>
    DAG Node: B
...
000 (4928.027.000) 03/30 23:52:05 Job submitted from host: <192.168.1.1:40323>
    DAG Node: B
...
000 (4928.028.000) 03/30 23:52:05 Job submitted from host: <192.168.1.1:40323>
    DAG Node: B
...
000 (4928.029.000) 03/30 23:52:05 Job submitted from host: <192.168.1.1:40323>
    DAG Node: B
...
000 (4928.030.000) 03/30 23:52:05 Job submitted from host: <192.168.1.1:40323>
    DAG Node: B
...
000 (4928.031.000) 03/30 23:52:05 Job submitted from host: <192.168.1.1:40323>
    DAG Node: B
...
000 (4928.032.000) 03/30 23:52:05 Job submitted from host: <192.168.1.1:40323>
    DAG Node: B
...
000 (4928.033.000) 03/30 23:52:05 Job submitted from host: <192.168.1.1:40323>
    DAG Node: B
...
000 (4928.034.000) 03/30 23:52:05 Job submitted from host: <192.168.1.1:40323>
    DAG Node: B
...
000 (4928.035.000) 03/30 23:52:05 Job submitted from host: <192.168.1.1:40323>
    DAG Node: B
...
000 (4928.036.000) 03/30 23:52:05 Job submitted from host: <192.168.1.1:40323>
    DAG Node: B
...
000 (4928.037.000) 03/30 23:52:05 Job submitted from host: <192.168.1.1:40323>
    DAG Node: B
...
000 (4928.038.000) 03/30 23:52:05 Job submitted from host: <192.168.1.1:40323>
    DAG Node: B
...
000 (4928.039.000) 03/30 23:52:05 Job submitted from host: <192.168.1.1:40323>
    DAG Node: B
...
000 (4928.040.000) 03/30 23:52:05 Job submitted from host: <192.168.1.1:40323>
    DAG Node: B
...
000 (4928.041.000) 03/30 23:52:05 Job submitted from host: <192.168.1.1:40323>
    DAG Node: B
...
000 (4928.042.000) 03/30 23:52:05 Job submitted from host: <192.168.1.1:40323>
    DAG Node: B
...
000 (4928.043.000) 03/30 23:52:05 Job submitted from host: <192.168.1.1:40323>
    DAG Node: B
...
000 (4928.044.000) 03/30 23:52:05 Job submitted from host: <192.168.1.1:40323>
    DAG Node: B
...
000 (4928.045.000) 03/30 23:52:05 Job submitted from host: <192.168.1.1:40323>
    DAG Node: B
...
000 (4928.046.000) 03/30 23:52:05 Job submitted from host: <192.168.1.1:40323>
    DAG Node: B
...
000 (4928.047.000) 03/30 23:52:05 Job submitted from host: <192.168.1.1:40323>
    DAG Node: B
...
000 (4928.048.000) 03/30 23:52:05 Job submitted from host: <192.168.1.1:40323>
    DAG Node: B
...
000 (4928.049.000) 03/30 23:52:05 Job submitted from host: <192.168.1.1:40323>
    DAG Node: B
...
001 (4928.005.000) 03/30 23:52:19 Job executing on host: <192.168.1.104:48204>
...
001 (4928.002.000) 03/30 23:52:19 Job executing on host: <192.168.1.102:44510>
...
005 (4928.005.000) 03/30 23:52:20 Job terminated.
	(1) Normal termination (return value 0)
		Usr 0 00:00:00, Sys 0 00:00:00  -  Run Remote Usage
		Usr 0 00:00:00, Sys 0 00:00:00  -  Run Local Usage
		Usr 0 00:00:00, Sys 0 00:00:00  -  Total Remote Usage
		Usr 0 00:00:00, Sys 0 00:00:00  -  Total Local Usage
	0  -  Run Bytes Sent By Job
	0  -  Run Bytes Received By Job
	0  -  Total Bytes Sent By Job
	0  -  Total Bytes Received By Job
...
001 (4928.018.000) 03/30 23:52:20 Job executing on host: <192.168.1.108:34904>
...
005 (4928.002.000) 03/30 23:52:20 Job terminated.
	(1) Normal termination (return value 0)
		Usr 0 00:00:00, Sys 0 00:00:00  -  Run Remote Usage
		Usr 0 00:00:00, Sys 0 00:00:00  -  Run Local Usage
		Usr 0 00:00:00, Sys 0 00:00:00  -  Total Remote Usage
		Usr 0 00:00:00, Sys 0 00:00:00  -  Total Local Usage
	0  -  Run Bytes Sent By Job
	0  -  Run Bytes Received By Job
	0  -  Total Bytes Sent By Job
	0  -  Total Bytes Received By Job
...
001 (4928.010.000) 03/30 23:52:20 Job executing on host: <192.168.1.105:48485>
...
005 (4928.018.000) 03/30 23:52:20 Job terminated.
	(1) Normal termination (return value 0)
		Usr 0 00:00:00, Sys 0 00:00:00  -  Run Remote Usage
		Usr 0 00:00:00, Sys 0 00:00:00  -  Run Local Usage
		Usr 0 00:00:00, Sys 0 00:00:00  -  Total Remote Usage
		Usr 0 00:00:00, Sys 0 00:00:00  -  Total Local Usage
	0  -  Run Bytes Sent By Job
	0  -  Run Bytes Received By Job
	0  -  Total Bytes Sent By Job
	0  -  Total Bytes Received By Job
...
001 (4928.012.000) 03/30 23:52:21 Job executing on host: <192.168.1.105:48485>
...
005 (4928.010.000) 03/30 23:52:21 Job terminated.
	(1) Normal termination (return value 0)
		Usr 0 00:00:00, Sys 0 00:00:00  -  Run Remote Usage
		Usr 0 00:00:00, Sys 0 00:00:00  -  Run Local Usage
		Usr 0 00:00:00, Sys 0 00:00:00  -  Total Remote Usage
		Usr 0 00:00:00, Sys 0 00:00:00  -  Total Local Usage
	0  -  Run Bytes Sent By Job
	0  -  Run Bytes Received By Job
	0  -  Total Bytes Sent By Job
	0  -  Total Bytes Received By Job
...
001 (4928.013.000) 03/30 23:52:21 Job executing on host: <192.168.1.106:57104>
...
005 (4928.012.000) 03/30 23:52:21 Job terminated.
	(1) Normal termination (return value 0)
		Usr 0 00:00:00, Sys 0 00:00:00  -  Run Remote Usage
		Usr 0 00:00:00, Sys 0 00:00:00  -  Run Local Usage
		Usr 0 00:00:00, Sys 0 00:00:00  -  Total Remote Usage
		Usr 0 00:00:00, Sys 0 00:00:00  -  Total Local Usage
	0  -  Run Bytes Sent By Job
	0  -  Run Bytes Received By Job
	0  -  Total Bytes Sent By Job
	0  -  Total Bytes Received By Job
...
001 (4928.021.000) 03/30 23:52:22 Job executing on host: <192.168.1.107:47187>
...
005 (4928.013.000) 03/30 23:52:22 Job terminated.
	(1) Normal termination (return value 0)
		Usr 0 00:00:00, Sys 0 00:00:00  -  Run Remote Usage
		Usr 0 00:00:00, Sys 0 00:00:00  -  Run Local Usage
		Usr 0 00:00:00, Sys 0 00:00:00  -  Total Remote Usage
		Usr 0 00:00:00, Sys 0 00:00:00  -  Total Local Usage
	0  -  Run Bytes Sent By Job
	0  -  Run Bytes Received By Job
	0  -  Total Bytes Sent By Job
	0  -  Total Bytes Received By Job
...
001 (4928.020.000) 03/30 23:52:22 Job executing on host: <192.168.1.108:34904>
...
005 (4928.021.000) 03/30 23:52:22 Job terminated.
	(1) Normal termination (return value 0)
		Usr 0 00:00:00, Sys 0 00:00:00  -  Run Remote Usage
		Usr 0 00:00:00, Sys 0 00:00:00  -  Run Local Usage
		Usr 0 00:00:00, Sys 0 00:00:00  -  Total Remote Usage
		Usr 0 00:00:00, Sys 0 00:00:00  -  Total Local Usage
	0  -  Run Bytes Sent By Job
	0  -  Run Bytes Received By Job
	0  -  Total Bytes Sent By Job
	0  -  Total Bytes Received By Job
...
001 (4928.016.000) 03/30 23:52:22 Job executing on host: <192.168.1.107:47187>
...
005 (4928.020.000) 03/30 23:52:23 Job terminated.
	(1) Normal termination (return value 0)
		Usr 0 00:00:00, Sys 0 00:00:00  -  Run Remote Usage
		Usr 0 00:00:00, Sys 0 00:00:00  -  Run Local Usage
		Usr 0 00:00:00, Sys 0 00:00:00  -  Total Remote Usage
		Usr 0 00:00:00, Sys 0 00:00:00  -  Total Local Usage
	0  -  Run Bytes Sent By Job
	0  -  Run Bytes Received By Job
	0  -  Total Bytes Sent By Job
	0  -  Total Bytes Received By Job
...
001 (4928.004.000) 03/30 23:52:23 Job executing on host: <192.168.1.104:48204>
...
005 (4928.016.000) 03/30 23:52:23 Job terminated.
	(1) Normal termination (return value 0)
		Usr 0 00:00:00, Sys 0 00:00:00  -  Run Remote Usage
		Usr 0 00:00:00, Sys 0 00:00:00  -  Run Local Usage
		Usr 0 00:00:00, Sys 0 00:00:00  -  Total Remote Usage
		Usr 0 00:00:00, Sys 0 00:00:00  -  Total Local Usage
	0  -  Run Bytes Sent By Job
	0  -  Run Bytes Received By Job
	0  -  Total Bytes Sent By Job
	0  -  Total Bytes Received By Job
...
001 (4928.022.000) 03/30 23:52:23 Job executing on host: <192.168.1.108:34904>
...
005 (4928.004.000) 03/30 23:52:24 Job terminated.
	(1) Normal termination (return value 0)
		Usr 0 00:00:00, Sys 0 00:00:00  -  Run Remote Usage
		Usr 0 00:00:00, Sys 0 00:00:00  -  Run Local Usage
		Usr 0 00:00:00, Sys 0 00:00:00  -  Total Remote Usage
		Usr 0 00:00:00, Sys 0 00:00:00  -  Total Local Usage
	0  -  Run Bytes Sent By Job
	0  -  Run Bytes Received By Job
	0  -  Total Bytes Sent By Job
	0  -  Total Bytes Received By Job
...
001 (4928.003.000) 03/30 23:52:24 Job executing on host: <192.168.1.102:44510>
...
005 (4928.022.000) 03/30 23:52:24 Job terminated.
	(1) Normal termination (return value 0)
		Usr 0 00:00:00, Sys 0 00:00:00  -  Run Remote Usage
		Usr 0 00:00:00, Sys 0 00:00:00  -  Run Local Usage
		Usr 0 00:00:00, Sys 0 00:00:00  -  Total Remote Usage
		Usr 0 00:00:00, Sys 0 00:00:00  -  Total Local Usage
	0  -  Run Bytes Sent By Job
	0  -  Run Bytes Received By Job
	0  -  Total Bytes Sent By Job
	0  -  Total Bytes Received By Job
...
001 (4928.015.000) 03/30 23:52:24 Job executing on host: <192.168.1.106:57104>
...
005 (4928.003.000) 03/30 23:52:24 Job terminated.
	(1) Normal termination (return value 0)
		Usr 0 00:00:00, Sys 0 00:00:00  -  Run Remote Usage
		Usr 0 00:00:00, Sys 0 00:00:00  -  Run Local Usage
		Usr 0 00:00:00, Sys 0 00:00:00  -  Total Remote Usage
		Usr 0 00:00:00, Sys 0 00:00:00  -  Total Local Usage
	0  -  Run Bytes Sent By Job
	0  -  Run Bytes Received By Job
	0  -  Total Bytes Sent By Job
	0  -  Total Bytes Received By Job
...
001 (4928.007.000) 03/30 23:52:25 Job executing on host: <192.168.1.105:48485>
...
005 (4928.015.000) 03/30 23:52:25 Job terminated.
	(1) Normal termination (return value 0)
		Usr 0 00:00:00, Sys 0 00:00:00  -  Run Remote Usage
		Usr 0 00:00:00, Sys 0 00:00:00  -  Run Local Usage
		Usr 0 00:00:00, Sys 0 00:00:00  -  Total Remote Usage
		Usr 0 00:00:00, Sys 0 00:00:00  -  Total Local Usage
	0  -  Run Bytes Sent By Job
	0  -  Run Bytes Received By Job
	0  -  Total Bytes Sent By Job
	0  -  Total Bytes Received By Job
...
001 (4928.008.000) 03/30 23:52:25 Job executing on host: <192.168.1.104:48204>
...
005 (4928.007.000) 03/30 23:52:25 Job terminated.
	(1) Normal termination (return value 0)
		Usr 0 00:00:00, Sys 0 00:00:00  -  Run Remote Usage
		Usr 0 00:00:00, Sys 0 00:00:00  -  Run Local Usage
		Usr 0 00:00:00, Sys 0 00:00:00  -  Total Remote Usage
		Usr 0 00:00:00, Sys 0 00:00:00  -  Total Local Usage
	0  -  Run Bytes Sent By Job
	0  -  Run Bytes Received By Job
	0  -  Total Bytes Sent By Job
	0  -  Total Bytes Received By Job
...
001 (4928.023.000) 03/30 23:52:26 Job executing on host: <192.168.1.108:34904>
...
005 (4928.008.000) 03/30 23:52:26 Job terminated.
	(1) Normal termination (return value 0)
		Usr 0 00:00:00, Sys 0 00:00:00  -  Run Remote Usage
		Usr 0 00:00:00, Sys 0 00:00:00  -  Run Local Usage
		Usr 0 00:00:00, Sys 0 00:00:00  -  Total Remote Usage
		Usr 0 00:00:00, Sys 0 00:00:00  -  Total Local Usage
	0  -  Run Bytes Sent By Job
	0  -  Run Bytes Received By Job
	0  -  Total Bytes Sent By Job
	0  -  Total Bytes Received By Job
...
001 (4928.006.000) 03/30 23:52:26 Job executing on host: <192.168.1.104:48204>
...
005 (4928.023.000) 03/30 23:52:26 Job terminated.
	(1) Normal termination (return value 0)
		Usr 0 00:00:00, Sys 0 00:00:00  -  Run Remote Usage
		Usr 0 00:00:00, Sys 0 00:00:00  -  Run Local Usage
		Usr 0 00:00:00, Sys 0 00:00:00  -  Total Remote Usage
		Usr 0 00:00:00, Sys 0 00:00:00  -  Total Local Usage
	0  -  Run Bytes Sent By Job
	0  -  Run Bytes Received By Job
	0  -  Total Bytes Sent By Job
	0  -  Total Bytes Received By Job
...
001 (4928.009.000) 03/30 23:52:27 Job executing on host: <192.168.1.105:48485>
...
005 (4928.006.000) 03/30 23:52:27 Job terminated.
	(1) Normal termination (return value 0)
		Usr 0 00:00:00, Sys 0 00:00:00  -  Run Remote Usage
		Usr 0 00:00:00, Sys 0 00:00:00  -  Run Local Usage
		Usr 0 00:00:00, Sys 0 00:00:00  -  Total Remote Usage
		Usr 0 00:00:00, Sys 0 00:00:00  -  Total Local Usage
	0  -  Run Bytes Sent By Job
	0  -  Run Bytes Received By Job
	0  -  Total Bytes Sent By Job
	0  -  Total Bytes Received By Job
...
001 (4928.014.000) 03/30 23:52:27 Job executing on host: <192.168.1.107:47187>
...
005 (4928.009.000) 03/30 23:52:27 Job terminated.
	(1) Normal termination (return value 0)
		Usr 0 00:00:00, Sys 0 00:00:00  -  Run Remote Usage
		Usr 0 00:00:00, Sys 0 00:00:00  -  Run Local Usage
		Usr 0 00:00:00, Sys 0 00:00:00  -  Total Remote Usage
		Usr 0 00:00:00, Sys 0 00:00:00  -  Total Local Usage
	0  -  Run Bytes Sent By Job
	0  -  Run Bytes Received By Job
	0  -  Total Bytes Sent By Job
	0  -  Total Bytes Received By Job
...
001 (4928.000.000) 03/30 23:52:27 Job executing on host: <192.168.1.102:44510>
...
005 (4928.014.000) 03/30 23:52:28 Job terminated.
	(1) Normal termination (return value 0)
		Usr 0 00:00:00, Sys 0 00:00:00  -  Run Remote Usage
		Usr 0 00:00:00, Sys 0 00:00:00  -  Run Local Usage
		Usr 0 00:00:00, Sys 0 00:00:00  -  Total Remote Usage
		Usr 0 00:00:00, Sys 0 00:00:00  -  Total Local Usage
	0  -  Run Bytes Sent By Job
	0  -  Run Bytes Received By Job
	0  -  Total Bytes Sent By Job
	0  -  Total Bytes Received By Job
...
001 (4928.019.000) 03/30 23:52:28 Job executing on host: <192.168.1.107:47187>
...
005 (4928.000.000) 03/30 23:52:28 Job terminated.
	(1) Normal termination (return value 0)
		Usr 0 00:00:00, Sys 0 00:00:00  -  Run Remote Usage
		Usr 0 00:00:00, Sys 0 00:00:00  -  Run Local Usage
		Usr 0 00:00:00, Sys 0 00:00:00  -  Total Remote Usage
		Usr 0 00:00:00, Sys 0 00:00:00  -  Total Local Usage
	0  -  Run Bytes Sent By Job
	0  -  Run Bytes Received By Job
	0  -  Total Bytes Sent By Job
	0  -  Total Bytes Received By Job
...
001 (4928.011.000) 03/30 23:52:28 Job executing on host: <192.168.1.106:57104>
...
005 (4928.019.000) 03/30 23:52:28 Job terminated.
	(1) Normal termination (return value 0)
		Usr 0 00:00:00, Sys 0 00:00:00  -  Run Remote Usage
		Usr 0 00:00:00, Sys 0 00:00:00  -  Run Local Usage
		Usr 0 00:00:00, Sys 0 00:00:00  -  Total Remote Usage
		Usr 0 00:00:00, Sys 0 00:00:00  -  Total Local Usage
	0  -  Run Bytes Sent By Job
	0  -  Run Bytes Received By Job
	0  -  Total Bytes Sent By Job
	0  -  Total Bytes Received By Job
...
001 (4928.001.000) 03/30 23:52:29 Job executing on host: <192.168.1.102:44510>
...
005 (4928.011.000) 03/30 23:52:29 Job terminated.
	(1) Normal termination (return value 0)
		Usr 0 00:00:00, Sys 0 00:00:00  -  Run Remote Usage
		Usr 0 00:00:00, Sys 0 00:00:00  -  Run Local Usage
		Usr 0 00:00:00, Sys 0 00:00:00  -  Total Remote Usage
		Usr 0 00:00:00, Sys 0 00:00:00  -  Total Local Usage
	0  -  Run Bytes Sent By Job
	0  -  Run Bytes Received By Job
	0  -  Total Bytes Sent By Job
	0  -  Total Bytes Received By Job
...
001 (4928.017.000) 03/30 23:52:29 Job executing on host: <192.168.1.106:57104>
...
005 (4928.001.000) 03/30 23:52:29 Job terminated.
	(1) Normal termination (return value 0)
		Usr 0 00:00:00, Sys 0 00:00:00  -  Run Remote Usage
		Usr 0 00:00:00, Sys 0 00:00:00  -  Run Local Usage
		Usr 0 00:00:00, Sys 0 00:00:00  -  Total Remote Usage
		Usr 0 00:00:00, Sys 0 00:00:00  -  Total Local Usage
	0  -  Run Bytes Sent By Job
	0  -  Run Bytes Received By Job
	0  -  Total Bytes Sent By Job
	0  -  Total Bytes Received By Job
...
001 (4928.024.000) 03/30 23:52:29 Job executing on host: <192.168.1.104:48204>
...
005 (4928.017.000) 03/30 23:52:30 Job terminated.
	(1) Normal termination (return value 0)
		Usr 0 00:00:00, Sys 0 00:00:00  -  Run Remote Usage
		Usr 0 00:00:00, Sys 0 00:00:00  -  Run Local Usage
		Usr 0 00:00:00, Sys 0 00:00:00  -  Total Remote Usage
		Usr 0 00:00:00, Sys 0 00:00:00  -  Total Local Usage
	0  -  Run Bytes Sent By Job
	0  -  Run Bytes Received By Job
	0  -  Total Bytes Sent By Job
	0  -  Total Bytes Received By Job
...
001 (4928.025.000) 03/30 23:52:30 Job executing on host: <192.168.1.102:44510>
...
005 (4928.024.000) 03/30 23:52:30 Job terminated.
	(1) Normal termination (return value 0)
		Usr 0 00:00:00, Sys 0 00:00:00  -  Run Remote Usage
		Usr 0 00:00:00, Sys 0 00:00:00  -  Run Local Usage
		Usr 0 00:00:00, Sys 0 00:00:00  -  Total Remote Usage
		Usr 0 00:00:00, Sys 0 00:00:00  -  Total Local Usage
	0  -  Run Bytes Sent By Job
	0  -  Run Bytes Received By Job
	0  -  Total Bytes Sent By Job
	0  -  Total Bytes Received By Job
...
001 (4928.026.000) 03/30 23:52:30 Job executing on host: <192.168.1.108:34904>
...
005 (4928.025.000) 03/30 23:52:30 Job terminated.
	(1) Normal termination (return value 0)
		Usr 0 00:00:00, Sys 0 00:00:00  -  Run Remote Usage
		Usr 0 00:00:00, Sys 0 00:00:00  -  Run Local Usage
		Usr 0 00:00:00, Sys 0 00:00:00  -  Total Remote Usage
		Usr 0 00:00:00, Sys 0 00:00:00  -  Total Local Usage
	0  -  Run Bytes Sent By Job
	0  -  Run Bytes Received By Job
	0  -  Total Bytes Sent By Job
	0  -  Total Bytes Received By Job
...
001 (4928.027.000) 03/30 23:52:31 Job executing on host: <192.168.1.105:48485>
...
005 (4928.026.000) 03/30 23:52:31 Job terminated.
	(1) Normal termination (return value 0)
		Usr 0 00:00:00, Sys 0 00:00:00  -  Run Remote Usage
		Usr 0 00:00:00, Sys 0 00:00:00  -  Run Local Usage
		Usr 0 00:00:00, Sys 0 00:00:00  -  Total Remote Usage
		Usr 0 00:00:00, Sys 0 00:00:00  -  Total Local Usage
	0  -  Run Bytes Sent By Job
	0  -  Run Bytes Received By Job
	0  -  Total Bytes Sent By Job
	0  -  Total Bytes Received By Job
...
001 (4928.028.000) 03/30 23:52:31 Job executing on host: <192.168.1.105:48485>
...
005 (4928.027.000) 03/30 23:52:31 Job terminated.
	(1) Normal termination (return value 0)
		Usr 0 00:00:00, Sys 0 00:00:00  -  Run Remote Usage
		Usr 0 00:00:00, Sys 0 00:00:00  -  Run Local Usage
		Usr 0 00:00:00, Sys 0 00:00:00  -  Total Remote Usage
		Usr 0 00:00:00, Sys 0 00:00:00  -  Total Local Usage
	0  -  Run Bytes Sent By Job
	0  -  Run Bytes Received By Job
	0  -  Total Bytes Sent By Job
	0  -  Total Bytes Received By Job
...
001 (4928.029.000) 03/30 23:52:32 Job executing on host: <192.168.1.106:57104>
...
005 (4928.028.000) 03/30 23:52:32 Job terminated.
	(1) Normal termination (return value 0)
		Usr 0 00:00:00, Sys 0 00:00:00  -  Run Remote Usage
		Usr 0 00:00:00, Sys 0 00:00:00  -  Run Local Usage
		Usr 0 00:00:00, Sys 0 00:00:00  -  Total Remote Usage
		Usr 0 00:00:00, Sys 0 00:00:00  -  Total Local Usage
	0  -  Run Bytes Sent By Job
	0  -  Run Bytes Received By Job
	0  -  Total Bytes Sent By Job
	0  -  Total Bytes Received By Job
...
001 (4928.030.000) 03/30 23:52:32 Job executing on host: <192.168.1.107:47187>
...
005 (4928.029.000) 03/30 23:52:32 Job terminated.
	(1) Normal termination (return value 0)
		Usr 0 00:00:00, Sys 0 00:00:00  -  Run Remote Usage
		Usr 0 00:00:00, Sys 0 00:00:00  -  Run Local Usage
		Usr 0 00:00:00, Sys 0 00:00:00  -  Total Remote Usage
		Usr 0 00:00:00, Sys 0 00:00:00  -  Total Local Usage
	0  -  Run Bytes Sent By Job
	0  -  Run Bytes Received By Job
	0  -  Total Bytes Sent By Job
	0  -  Total Bytes Received By Job
...
005 (4928.030.000) 03/30 23:52:32 Job terminated.
	(1) Normal termination (return value 0)
		Usr 0 00:00:00, Sys 0 00:00:00  -  Run Remote Usage
		Usr 0 00:00:00, Sys 0 00:00:00  -  Run Local Usage
		Usr 0 00:00:00, Sys 0 00:00:00  -  Total Remote Usage
		Usr 0 00:00:00, Sys 0 00:00:00  -  Total Local Usage
	0  -  Run Bytes Sent By Job
	0  -  Run Bytes Received By Job
	0  -  Total Bytes Sent By Job
	0  -  Total Bytes Received By Job
...
001 (4928.032.000) 03/30 23:52:32 Job executing on host: <192.168.1.107:47187>
...
001 (4928.033.000) 03/30 23:52:32 Job executing on host: <192.168.1.104:48204>
...
005 (4928.032.000) 03/30 23:52:33 Job terminated.
	(1) Normal termination (return value 0)
		Usr 0 00:00:00, Sys 0 00:00:00  -  Run Remote Usage
		Usr 0 00:00:00, Sys 0 00:00:00  -  Run Local Usage
		Usr 0 00:00:00, Sys 0 00:00:00  -  Total Remote Usage
		Usr 0 00:00:00, Sys 0 00:00:00  -  Total Local Usage
	0  -  Run Bytes Sent By Job
	0  -  Run Bytes Received By Job
	0  -  Total Bytes Sent By Job
	0  -  Total Bytes Received By Job
...
005 (4928.033.000) 03/30 23:52:33 Job terminated.
	(1) Normal termination (return value 0)
		Usr 0 00:00:00, Sys 0 00:00:00  -  Run Remote Usage
		Usr 0 00:00:00, Sys 0 00:00:00  -  Run Local Usage
		Usr 0 00:00:00, Sys 0 00:00:00  -  Total Remote Usage
		Usr 0 00:00:00, Sys 0 00:00:00  -  Total Local Usage
	0  -  Run Bytes Sent By Job
	0  -  Run Bytes Received By Job
	0  -  Total Bytes Sent By Job
	0  -  Total Bytes Received By Job
...
001 (4928.035.000) 03/30 23:52:33 Job executing on host: <192.168.1.102:44510>
...
001 (4928.036.000) 03/30 23:52:33 Job executing on host: <192.168.1.106:57104>
...
005 (4928.035.000) 03/30 23:52:33 Job terminated.
	(1) Normal termination (return value 0)
		Usr 0 00:00:00, Sys 0 00:00:00  -  Run Remote Usage
		Usr 0 00:00:00, Sys 0 00:00:00  -  Run Local Usage
		Usr 0 00:00:00, Sys 0 00:00:00  -  Total Remote Usage
		Usr 0 00:00:00, Sys 0 00:00:00  -  Total Local Usage
	0  -  Run Bytes Sent By Job
	0  -  Run Bytes Received By Job
	0  -  Total Bytes Sent By Job
	0  -  Total Bytes Received By Job
...
001 (4928.037.000) 03/30 23:52:33 Job executing on host: <192.168.1.105:48485>
...
005 (4928.036.000) 03/30 23:52:33 Job terminated.
	(1) Normal termination (return value 0)
		Usr 0 00:00:00, Sys 0 00:00:00  -  Run Remote Usage
		Usr 0 00:00:00, Sys 0 00:00:00  -  Run Local Usage
		Usr 0 00:00:00, Sys 0 00:00:00  -  Total Remote Usage
		Usr 0 00:00:00, Sys 0 00:00:00  -  Total Local Usage
	0  -  Run Bytes Sent By Job
	0  -  Run Bytes Received By Job
	0  -  Total Bytes Sent By Job
	0  -  Total Bytes Received By Job
...
001 (4928.038.000) 03/30 23:52:34 Job executing on host: <192.168.1.104:48204>
...
005 (4928.037.000) 03/30 23:52:34 Job terminated.
	(1) Normal termination (return value 0)
		Usr 0 00:00:00, Sys 0 00:00:00  -  Run Remote Usage
		Usr 0 00:00:00, Sys 0 00:00:00  -  Run Local Usage
		Usr 0 00:00:00, Sys 0 00:00:00  -  Total Remote Usage
		Usr 0 00:00:00, Sys 0 00:00:00  -  Total Local Usage
	0  -  Run Bytes Sent By Job
	0  -  Run Bytes Received By Job
	0  -  Total Bytes Sent By Job
	0  -  Total Bytes Received By Job
...
005 (4928.038.000) 03/30 23:52:34 Job terminated.
	(1) Normal termination (return value 0)
		Usr 0 00:00:00, Sys 0 00:00:00  -  Run Remote Usage
		Usr 0 00:00:00, Sys 0 00:00:00  -  Run Local Usage
		Usr 0 00:00:00, Sys 0 00:00:00  -  Total Remote Usage
		Usr 0 00:00:00, Sys 0 00:00:00  -  Total Local Usage
	0  -  Run Bytes Sent By Job
	0  -  Run Bytes Received By Job
	0  -  Total Bytes Sent By Job
	0  -  Total Bytes Received By Job
...
001 (4928.040.000) 03/30 23:52:35 Job executing on host: <192.168.1.104:48204>
...
001 (4928.041.000) 03/30 23:52:35 Job executing on host: <192.168.1.105:48485>
...
005 (4928.040.000) 03/30 23:52:35 Job terminated.
	(1) Normal termination (return value 0)
		Usr 0 00:00:00, Sys 0 00:00:00  -  Run Remote Usage
		Usr 0 00:00:00, Sys 0 00:00:00  -  Run Local Usage
		Usr 0 00:00:00, Sys 0 00:00:00  -  Total Remote Usage
		Usr 0 00:00:00, Sys 0 00:00:00  -  Total Local Usage
	0  -  Run Bytes Sent By Job
	0  -  Run Bytes Received By Job
	0  -  Total Bytes Sent By Job
	0  -  Total Bytes Received By Job
...
005 (4928.041.000) 03/30 23:52:35 Job terminated.
	(1) Normal termination (return value 0)
		Usr 0 00:00:00, Sys 0 00:00:00  -  Run Remote Usage
		Usr 0 00:00:00, Sys 0 00:00:00  -  Run Local Usage
		Usr 0 00:00:00, Sys 0 00:00:00  -  Total Remote Usage
		Usr 0 00:00:00, Sys 0 00:00:00  -  Total Local Usage
	0  -  Run Bytes Sent By Job
	0  -  Run Bytes Received By Job
	0  -  Total Bytes Sent By Job
	0  -  Total Bytes Received By Job
...
001 (4928.043.000) 03/30 23:52:35 Job executing on host: <192.168.1.102:44510>
...
005 (4928.043.000) 03/30 23:52:36 Job terminated.
	(1) Normal termination (return value 0)
		Usr 0 00:00:00, Sys 0 00:00:00  -  Run Remote Usage
		Usr 0 00:00:00, Sys 0 00:00:00  -  Run Local Usage
		Usr 0 00:00:00, Sys 0 00:00:00  -  Total Remote Usage
		Usr 0 00:00:00, Sys 0 00:00:00  -  Total Local Usage
	0  -  Run Bytes Sent By Job
	0  -  Run Bytes Received By Job
	0  -  Total Bytes Sent By Job
	0  -  Total Bytes Received By Job
...
001 (4928.045.000) 03/30 23:52:36 Job executing on host: <192.168.1.106:57104>
...
001 (4928.046.000) 03/30 23:52:36 Job executing on host: <192.168.1.102:44510>
...
001 (4928.047.000) 03/30 23:52:36 Job executing on host: <192.168.1.106:57104>
...
005 (4928.045.000) 03/30 23:52:36 Job terminated.
	(1) Normal termination (return value 0)
		Usr 0 00:00:00, Sys 0 00:00:00  -  Run Remote Usage
		Usr 0 00:00:00, Sys 0 00:00:00  -  Run Local Usage
		Usr 0 00:00:00, Sys 0 00:00:00  -  Total Remote Usage
		Usr 0 00:00:00, Sys 0 00:00:00  -  Total Local Usage
	0  -  Run Bytes Sent By Job
	0  -  Run Bytes Received By Job
	0  -  Total Bytes Sent By Job
	0  -  Total Bytes Received By Job
...
001 (4928.048.000) 03/30 23:52:36 Job executing on host: <192.168.1.104:48204>
...
005 (4928.046.000) 03/30 23:52:36 Job terminated.
	(1) Normal termination (return value 0)
		Usr 0 00:00:00, Sys 0 00:00:00  -  Run Remote Usage
		Usr 0 00:00:00, Sys 0 00:00:00  -  Run Local Usage
		Usr 0 00:00:00, Sys 0 00:00:00  -  Total Remote Usage
		Usr 0 00:00:00, Sys 0 00:00:00  -  Total Local Usage
	0  -  Run Bytes Sent By Job
	0  -  Run Bytes Received By Job
	0  -  Total Bytes Sent By Job
	0  -  Total Bytes Received By Job
...
001 (4928.049.000) 03/30 23:52:36 Job executing on host: <192.168.1.102:44510>
...
005 (4928.047.000) 03/30 23:52:36 Job terminated.
	(1) Normal termination (return value 0)
		Usr 0 00:00:00, Sys 0 00:00:00  -  Run Remote Usage
		Usr 0 00:00:00, Sys 0 00:00:00  -  Run Local Usage
		Usr 0 00:00:00, Sys 0 00:00:00  -  Total Remote Usage
		Usr 0 00:00:00, Sys 0 00:00:00  -  Total Local Usage
	0  -  Run Bytes Sent By Job
	0  -  Run Bytes Received By Job
	0  -  Total Bytes Sent By Job
	0  -  Total Bytes Received By Job
...
001 (4928.031.000) 03/30 23:52:36 Job executing on host: <192.168.1.108:34904>
...
001 (4928.034.000) 03/30 23:52:36 Job executing on host: <192.168.1.108:34904>
...
001 (4928.039.000) 03/30 23:52:36 Job executing on host: <192.168.1.108:34904>
...
005 (4928.048.000) 03/30 23:52:36 Job terminated.
	(1) Normal termination (return value 0)
		Usr 0 00:00:00, Sys 0 00:00:00  -  Run Remote Usage
		Usr 0 00:00:00, Sys 0 00:00:00  -  Run Local Usage
		Usr 0 00:00:00, Sys 0 00:00:00  -  Total Remote Usage
		Usr 0 00:00:00, Sys 0 00:00:00  -  Total Local Usage
	0  -  Run Bytes Sent By Job
	0  -  Run Bytes Received By Job
	0  -  Total Bytes Sent By Job
	0  -  Total Bytes Received By Job
...
005 (4928.049.000) 03/30 23:52:37 Job terminated.
	(1) Normal termination (return value 0)
		Usr 0 00:00:00, Sys 0 00:00:00  -  Run Remote Usage
		Usr 0 00:00:00, Sys 0 00:00:00  -  Run Local Usage
		Usr 0 00:00:00, Sys 0 00:00:00  -  Total Remote Usage
		Usr 0 00:00:00, Sys 0 00:00:00  -  Total Local Usage
	0  -  Run Bytes Sent By Job
	0  -  Run Bytes Received By Job
	0  -  Total Bytes Sent By Job
	0  -  Total Bytes Received By Job
...
005 (4928.031.000) 03/30 23:52:37 Job terminated.
	(1) Normal termination (return value 0)
		Usr 0 00:00:00, Sys 0 00:00:00  -  Run Remote Usage
		Usr 0 00:00:00, Sys 0 00:00:00  -  Run Local Usage
		Usr 0 00:00:00, Sys 0 00:00:00  -  Total Remote Usage
		Usr 0 00:00:00, Sys 0 00:00:00  -  Total Local Usage
	0  -  Run Bytes Sent By Job
	0  -  Run Bytes Received By Job
	0  -  Total Bytes Sent By Job
	0  -  Total Bytes Received By Job
...
005 (4928.034.000) 03/30 23:52:38 Job terminated.
	(1) Normal termination (return value 0)
		Usr 0 00:00:00, Sys 0 00:00:00  -  Run Remote Usage
		Usr 0 00:00:00, Sys 0 00:00:00  -  Run Local Usage
		Usr 0 00:00:00, Sys 0 00:00:00  -  Total Remote Usage
		Usr 0 00:00:00, Sys 0 00:00:00  -  Total Local Usage
	0  -  Run Bytes Sent By Job
	0  -  Run Bytes Received By Job
	0  -  Total Bytes Sent By Job
	0  -  Total Bytes Received By Job
...
001 (4928.042.000) 03/30 23:52:38 Job executing on host: <192.168.1.107:47187>
...
001 (4928.044.000) 03/30 23:52:38 Job executing on host: <192.168.1.107:47187>
...
005 (4928.039.000) 03/30 23:52:38 Job terminated.
	(1) Normal termination (return value 0)
		Usr 0 00:00:00, Sys 0 00:00:00  -  Run Remote Usage
		Usr 0 00:00:00, Sys 0 00:00:00  -  Run Local Usage
		Usr 0 00:00:00, Sys 0 00:00:00  -  Total Remote Usage
		Usr 0 00:00:00, Sys 0 00:00:00  -  Total Local Usage
	0  -  Run Bytes Sent By Job
	0  -  Run Bytes Received By Job
	0  -  Total Bytes Sent By Job
	0  -  Total Bytes Received By Job
...
005 (4928.042.000) 03/30 23:52:38 Job terminated.
	(1) Normal termination (return value 0)
		Usr 0 00:00:00, Sys 0 00:00:00  -  Run Remote Usage
		Usr 0 00:00:00, Sys 0 00:00:00  -  Run Local Usage
		Usr 0 00:00:00, Sys 0 00:00:00  -  Total Remote Usage
		Usr 0 00:00:00, Sys 0 00:00:00  -  Total Local Usage
	0  -  Run Bytes Sent By Job
	0  -  Run Bytes Received By Job
	0  -  Total Bytes Sent By Job
	0  -  Total Bytes Received By Job
...
005 (4928.044.000) 03/30 23:52:38 Job terminated.
	(1) Normal termination (return value 0)
		Usr 0 00:00:00, Sys 0 00:00:00  -  Run Remote Usage
		Usr 0 00:00:00, Sys 0 00:00:00  -  Run Local Usage
		Usr 0 00:00:00, Sys 0 00:00:00  -  Total Remote Usage
		Usr 0 00:00:00, Sys 0 00:00:00  -  Total Local Usage
	0  -  Run Bytes Sent By Job
	0  -  Run Bytes Received By Job
	0  -  Total Bytes Sent By Job
	0  -  Total Bytes Received By Job
...
