000 (4916.000.000) 03/30 22:55:35 Job submitted from host: <192.168.1.1:40323>
...
000 (4916.001.000) 03/30 22:55:35 Job submitted from host: <192.168.1.1:40323>
...
000 (4916.002.000) 03/30 22:55:35 Job submitted from host: <192.168.1.1:40323>
...
000 (4916.003.000) 03/30 22:55:35 Job submitted from host: <192.168.1.1:40323>
...
001 (4916.001.000) 03/30 23:00:42 Job executing on host: <192.168.1.102:44510>
...
001 (4916.002.000) 03/30 23:00:42 Job executing on host: <192.168.1.102:44510>
...
001 (4916.000.000) 03/30 23:00:42 Job executing on host: <192.168.1.102:44510>
...
001 (4916.003.000) 03/30 23:00:42 Job executing on host: <192.168.1.102:44510>
...
006 (4916.001.000) 03/30 23:00:50 Image size of job updated: 4012
...
006 (4916.002.000) 03/30 23:00:50 Image size of job updated: 4012
...
006 (4916.000.000) 03/30 23:00:50 Image size of job updated: 4012
...
005 (4916.001.000) 03/30 23:01:01 Job terminated.
	(1) Normal termination (return value 0)
		Usr 0 00:00:15, Sys 0 00:00:00  -  Run Remote Usage
		Usr 0 00:00:00, Sys 0 00:00:00  -  Run Local Usage
		Usr 0 00:00:15, Sys 0 00:00:00  -  Total Remote Usage
		Usr 0 00:00:00, Sys 0 00:00:00  -  Total Local Usage
	0  -  Run Bytes Sent By Job
	0  -  Run Bytes Received By Job
	0  -  Total Bytes Sent By Job
	0  -  Total Bytes Received By Job
...
005 (4916.000.000) 03/30 23:01:03 Job terminated.
	(1) Normal termination (return value 0)
		Usr 0 00:00:19, Sys 0 00:00:00  -  Run Remote Usage
		Usr 0 00:00:00, Sys 0 00:00:00  -  Run Local Usage
		Usr 0 00:00:19, Sys 0 00:00:00  -  Total Remote Usage
		Usr 0 00:00:00, Sys 0 00:00:00  -  Total Local Usage
	0  -  Run Bytes Sent By Job
	0  -  Run Bytes Received By Job
	0  -  Total Bytes Sent By Job
	0  -  Total Bytes Received By Job
...
005 (4916.003.000) 03/30 23:01:09 Job terminated.
	(1) Normal termination (return value 0)
		Usr 0 00:00:20, Sys 0 00:00:00  -  Run Remote Usage
		Usr 0 00:00:00, Sys 0 00:00:00  -  Run Local Usage
		Usr 0 00:00:20, Sys 0 00:00:00  -  Total Remote Usage
		Usr 0 00:00:00, Sys 0 00:00:00  -  Total Local Usage
	0  -  Run Bytes Sent By Job
	0  -  Run Bytes Received By Job
	0  -  Total Bytes Sent By Job
	0  -  Total Bytes Received By Job
...
005 (4916.002.000) 03/30 23:01:10 Job terminated.
	(1) Normal termination (return value 0)
		Usr 0 00:00:26, Sys 0 00:00:00  -  Run Remote Usage
		Usr 0 00:00:00, Sys 0 00:00:00  -  Run Local Usage
		Usr 0 00:00:26, Sys 0 00:00:00  -  Total Remote Usage
		Usr 0 00:00:00, Sys 0 00:00:00  -  Total Local Usage
	0  -  Run Bytes Sent By Job
	0  -  Run Bytes Received By Job
	0  -  Total Bytes Sent By Job
	0  -  Total Bytes Received By Job
...
000 (4917.000.000) 03/30 23:05:18 Job submitted from host: <192.168.1.1:40323>
...
000 (4917.001.000) 03/30 23:05:18 Job submitted from host: <192.168.1.1:40323>
...
000 (4917.002.000) 03/30 23:05:18 Job submitted from host: <192.168.1.1:40323>
...
000 (4917.003.000) 03/30 23:05:18 Job submitted from host: <192.168.1.1:40323>
...
000 (4917.004.000) 03/30 23:05:18 Job submitted from host: <192.168.1.1:40323>
...
000 (4917.005.000) 03/30 23:05:18 Job submitted from host: <192.168.1.1:40323>
...
000 (4917.006.000) 03/30 23:05:18 Job submitted from host: <192.168.1.1:40323>
...
000 (4917.007.000) 03/30 23:05:18 Job submitted from host: <192.168.1.1:40323>
...
001 (4917.006.000) 03/30 23:05:23 Job executing on host: <192.168.1.104:48204>
...
001 (4917.005.000) 03/30 23:05:23 Job executing on host: <192.168.1.104:48204>
...
001 (4917.007.000) 03/30 23:05:23 Job executing on host: <192.168.1.105:48485>
...
001 (4917.003.000) 03/30 23:05:23 Job executing on host: <192.168.1.102:44510>
...
001 (4917.002.000) 03/30 23:05:23 Job executing on host: <192.168.1.102:44510>
...
001 (4917.000.000) 03/30 23:05:23 Job executing on host: <192.168.1.102:44510>
...
001 (4917.001.000) 03/30 23:05:23 Job executing on host: <192.168.1.102:44510>
...
001 (4917.004.000) 03/30 23:05:23 Job executing on host: <192.168.1.104:48204>
...
006 (4917.006.000) 03/30 23:05:31 Image size of job updated: 4012
...
006 (4917.005.000) 03/30 23:05:31 Image size of job updated: 4012
...
006 (4917.003.000) 03/30 23:05:31 Image size of job updated: 4012
...
006 (4917.002.000) 03/30 23:05:31 Image size of job updated: 4012
...
005 (4917.007.000) 03/30 23:05:41 Job terminated.
	(1) Normal termination (return value 0)
		Usr 0 00:00:14, Sys 0 00:00:00  -  Run Remote Usage
		Usr 0 00:00:00, Sys 0 00:00:00  -  Run Local Usage
		Usr 0 00:00:14, Sys 0 00:00:00  -  Total Remote Usage
		Usr 0 00:00:00, Sys 0 00:00:00  -  Total Local Usage
	0  -  Run Bytes Sent By Job
	0  -  Run Bytes Received By Job
	0  -  Total Bytes Sent By Job
	0  -  Total Bytes Received By Job
...
005 (4917.001.000) 03/30 23:05:42 Job terminated.
	(1) Normal termination (return value 0)
		Usr 0 00:00:14, Sys 0 00:00:00  -  Run Remote Usage
		Usr 0 00:00:00, Sys 0 00:00:00  -  Run Local Usage
		Usr 0 00:00:14, Sys 0 00:00:00  -  Total Remote Usage
		Usr 0 00:00:00, Sys 0 00:00:00  -  Total Local Usage
	0  -  Run Bytes Sent By Job
	0  -  Run Bytes Received By Job
	0  -  Total Bytes Sent By Job
	0  -  Total Bytes Received By Job
...
005 (4917.000.000) 03/30 23:05:44 Job terminated.
	(1) Normal termination (return value 0)
		Usr 0 00:00:19, Sys 0 00:00:00  -  Run Remote Usage
		Usr 0 00:00:00, Sys 0 00:00:00  -  Run Local Usage
		Usr 0 00:00:19, Sys 0 00:00:00  -  Total Remote Usage
		Usr 0 00:00:00, Sys 0 00:00:00  -  Total Local Usage
	0  -  Run Bytes Sent By Job
	0  -  Run Bytes Received By Job
	0  -  Total Bytes Sent By Job
	0  -  Total Bytes Received By Job
...
005 (4917.006.000) 03/30 23:05:45 Job terminated.
	(1) Normal termination (return value 0)
		Usr 0 00:00:15, Sys 0 00:00:00  -  Run Remote Usage
		Usr 0 00:00:00, Sys 0 00:00:00  -  Run Local Usage
		Usr 0 00:00:15, Sys 0 00:00:00  -  Total Remote Usage
		Usr 0 00:00:00, Sys 0 00:00:00  -  Total Local Usage
	0  -  Run Bytes Sent By Job
	0  -  Run Bytes Received By Job
	0  -  Total Bytes Sent By Job
	0  -  Total Bytes Received By Job
...
005 (4917.005.000) 03/30 23:05:50 Job terminated.
	(1) Normal termination (return value 0)
		Usr 0 00:00:21, Sys 0 00:00:00  -  Run Remote Usage
		Usr 0 00:00:00, Sys 0 00:00:00  -  Run Local Usage
		Usr 0 00:00:21, Sys 0 00:00:00  -  Total Remote Usage
		Usr 0 00:00:00, Sys 0 00:00:00  -  Total Local Usage
	0  -  Run Bytes Sent By Job
	0  -  Run Bytes Received By Job
	0  -  Total Bytes Sent By Job
	0  -  Total Bytes Received By Job
...
005 (4917.003.000) 03/30 23:05:50 Job terminated.
	(1) Normal termination (return value 0)
		Usr 0 00:00:21, Sys 0 00:00:00  -  Run Remote Usage
		Usr 0 00:00:00, Sys 0 00:00:00  -  Run Local Usage
		Usr 0 00:00:21, Sys 0 00:00:00  -  Total Remote Usage
		Usr 0 00:00:00, Sys 0 00:00:00  -  Total Local Usage
	0  -  Run Bytes Sent By Job
	0  -  Run Bytes Received By Job
	0  -  Total Bytes Sent By Job
	0  -  Total Bytes Received By Job
...
005 (4917.004.000) 03/30 23:05:51 Job terminated.
	(1) Normal termination (return value 0)
		Usr 0 00:00:26, Sys 0 00:00:00  -  Run Remote Usage
		Usr 0 00:00:00, Sys 0 00:00:00  -  Run Local Usage
		Usr 0 00:00:26, Sys 0 00:00:00  -  Total Remote Usage
		Usr 0 00:00:00, Sys 0 00:00:00  -  Total Local Usage
	0  -  Run Bytes Sent By Job
	0  -  Run Bytes Received By Job
	0  -  Total Bytes Sent By Job
	0  -  Total Bytes Received By Job
...
005 (4917.002.000) 03/30 23:05:52 Job terminated.
	(1) Normal termination (return value 0)
		Usr 0 00:00:26, Sys 0 00:00:00  -  Run Remote Usage
		Usr 0 00:00:00, Sys 0 00:00:00  -  Run Local Usage
		Usr 0 00:00:26, Sys 0 00:00:00  -  Total Remote Usage
		Usr 0 00:00:00, Sys 0 00:00:00  -  Total Local Usage
	0  -  Run Bytes Sent By Job
	0  -  Run Bytes Received By Job
	0  -  Total Bytes Sent By Job
	0  -  Total Bytes Received By Job
...
000 (4918.000.000) 03/30 23:07:05 Job submitted from host: <192.168.1.1:40323>
...
000 (4918.001.000) 03/30 23:07:05 Job submitted from host: <192.168.1.1:40323>
...
000 (4918.002.000) 03/30 23:07:05 Job submitted from host: <192.168.1.1:40323>
...
000 (4918.003.000) 03/30 23:07:05 Job submitted from host: <192.168.1.1:40323>
...
000 (4918.004.000) 03/30 23:07:05 Job submitted from host: <192.168.1.1:40323>
...
000 (4918.005.000) 03/30 23:07:05 Job submitted from host: <192.168.1.1:40323>
...
000 (4918.006.000) 03/30 23:07:05 Job submitted from host: <192.168.1.1:40323>
...
000 (4918.007.000) 03/30 23:07:05 Job submitted from host: <192.168.1.1:40323>
...
001 (4918.007.000) 03/30 23:07:10 Job executing on host: <192.168.1.105:48485>
...
001 (4918.001.000) 03/30 23:07:10 Job executing on host: <192.168.1.102:44510>
...
001 (4918.002.000) 03/30 23:07:10 Job executing on host: <192.168.1.102:44510>
...
001 (4918.003.000) 03/30 23:07:10 Job executing on host: <192.168.1.102:44510>
...
001 (4918.006.000) 03/30 23:07:10 Job executing on host: <192.168.1.104:48204>
...
001 (4918.000.000) 03/30 23:07:10 Job executing on host: <192.168.1.102:44510>
...
001 (4918.005.000) 03/30 23:07:10 Job executing on host: <192.168.1.104:48204>
...
001 (4918.004.000) 03/30 23:07:10 Job executing on host: <192.168.1.104:48204>
...
006 (4918.001.000) 03/30 23:07:18 Image size of job updated: 4012
...
006 (4918.002.000) 03/30 23:07:18 Image size of job updated: 4012
...
006 (4918.003.000) 03/30 23:07:18 Image size of job updated: 4012
...
006 (4918.006.000) 03/30 23:07:18 Image size of job updated: 4012
...
006 (4918.005.000) 03/30 23:07:18 Image size of job updated: 4012
...
005 (4918.007.000) 03/30 23:07:28 Job terminated.
	(1) Normal termination (return value 0)
		Usr 0 00:00:14, Sys 0 00:00:00  -  Run Remote Usage
		Usr 0 00:00:00, Sys 0 00:00:00  -  Run Local Usage
		Usr 0 00:00:14, Sys 0 00:00:00  -  Total Remote Usage
		Usr 0 00:00:00, Sys 0 00:00:00  -  Total Local Usage
	0  -  Run Bytes Sent By Job
	0  -  Run Bytes Received By Job
	0  -  Total Bytes Sent By Job
	0  -  Total Bytes Received By Job
...
005 (4918.001.000) 03/30 23:07:29 Job terminated.
	(1) Normal termination (return value 0)
		Usr 0 00:00:15, Sys 0 00:00:00  -  Run Remote Usage
		Usr 0 00:00:00, Sys 0 00:00:00  -  Run Local Usage
		Usr 0 00:00:15, Sys 0 00:00:00  -  Total Remote Usage
		Usr 0 00:00:00, Sys 0 00:00:00  -  Total Local Usage
	0  -  Run Bytes Sent By Job
	0  -  Run Bytes Received By Job
	0  -  Total Bytes Sent By Job
	0  -  Total Bytes Received By Job
...
005 (4918.000.000) 03/30 23:07:31 Job terminated.
	(1) Normal termination (return value 0)
		Usr 0 00:00:18, Sys 0 00:00:00  -  Run Remote Usage
		Usr 0 00:00:00, Sys 0 00:00:00  -  Run Local Usage
		Usr 0 00:00:18, Sys 0 00:00:00  -  Total Remote Usage
		Usr 0 00:00:00, Sys 0 00:00:00  -  Total Local Usage
	0  -  Run Bytes Sent By Job
	0  -  Run Bytes Received By Job
	0  -  Total Bytes Sent By Job
	0  -  Total Bytes Received By Job
...
005 (4918.006.000) 03/30 23:07:33 Job terminated.
	(1) Normal termination (return value 0)
		Usr 0 00:00:14, Sys 0 00:00:00  -  Run Remote Usage
		Usr 0 00:00:00, Sys 0 00:00:00  -  Run Local Usage
		Usr 0 00:00:14, Sys 0 00:00:00  -  Total Remote Usage
		Usr 0 00:00:00, Sys 0 00:00:00  -  Total Local Usage
	0  -  Run Bytes Sent By Job
	0  -  Run Bytes Received By Job
	0  -  Total Bytes Sent By Job
	0  -  Total Bytes Received By Job
...
005 (4918.005.000) 03/30 23:07:37 Job terminated.
	(1) Normal termination (return value 0)
		Usr 0 00:00:22, Sys 0 00:00:00  -  Run Remote Usage
		Usr 0 00:00:00, Sys 0 00:00:00  -  Run Local Usage
		Usr 0 00:00:22, Sys 0 00:00:00  -  Total Remote Usage
		Usr 0 00:00:00, Sys 0 00:00:00  -  Total Local Usage
	0  -  Run Bytes Sent By Job
	0  -  Run Bytes Received By Job
	0  -  Total Bytes Sent By Job
	0  -  Total Bytes Received By Job
...
005 (4918.003.000) 03/30 23:07:37 Job terminated.
	(1) Normal termination (return value 0)
		Usr 0 00:00:20, Sys 0 00:00:00  -  Run Remote Usage
		Usr 0 00:00:00, Sys 0 00:00:00  -  Run Local Usage
		Usr 0 00:00:20, Sys 0 00:00:00  -  Total Remote Usage
		Usr 0 00:00:00, Sys 0 00:00:00  -  Total Local Usage
	0  -  Run Bytes Sent By Job
	0  -  Run Bytes Received By Job
	0  -  Total Bytes Sent By Job
	0  -  Total Bytes Received By Job
...
005 (4918.004.000) 03/30 23:07:39 Job terminated.
	(1) Normal termination (return value 0)
		Usr 0 00:00:26, Sys 0 00:00:00  -  Run Remote Usage
		Usr 0 00:00:00, Sys 0 00:00:00  -  Run Local Usage
		Usr 0 00:00:26, Sys 0 00:00:00  -  Total Remote Usage
		Usr 0 00:00:00, Sys 0 00:00:00  -  Total Local Usage
	0  -  Run Bytes Sent By Job
	0  -  Run Bytes Received By Job
	0  -  Total Bytes Sent By Job
	0  -  Total Bytes Received By Job
...
005 (4918.002.000) 03/30 23:07:39 Job terminated.
	(1) Normal termination (return value 0)
		Usr 0 00:00:26, Sys 0 00:00:00  -  Run Remote Usage
		Usr 0 00:00:00, Sys 0 00:00:00  -  Run Local Usage
		Usr 0 00:00:26, Sys 0 00:00:00  -  Total Remote Usage
		Usr 0 00:00:00, Sys 0 00:00:00  -  Total Local Usage
	0  -  Run Bytes Sent By Job
	0  -  Run Bytes Received By Job
	0  -  Total Bytes Sent By Job
	0  -  Total Bytes Received By Job
...
