000 (4894.000.000) 03/30 20:31:12 Job submitted from host: <192.168.1.1:40323>
...
000 (4894.001.000) 03/30 20:31:12 Job submitted from host: <192.168.1.1:40323>
...
000 (4894.002.000) 03/30 20:31:12 Job submitted from host: <192.168.1.1:40323>
...
000 (4894.003.000) 03/30 20:31:12 Job submitted from host: <192.168.1.1:40323>
...
000 (4894.004.000) 03/30 20:31:12 Job submitted from host: <192.168.1.1:40323>
...
001 (4894.003.000) 03/30 20:31:17 Job executing on host: <192.168.1.102:44510>
...
001 (4894.001.000) 03/30 20:31:17 Job executing on host: <192.168.1.102:44510>
...
001 (4894.000.000) 03/30 20:31:17 Job executing on host: <192.168.1.102:44510>
...
001 (4894.002.000) 03/30 20:31:17 Job executing on host: <192.168.1.102:44510>
...
001 (4894.004.000) 03/30 20:31:17 Job executing on host: <192.168.1.104:48204>
...
006 (4894.003.000) 03/30 20:31:25 Image size of job updated: 1668
...
006 (4894.001.000) 03/30 20:31:25 Image size of job updated: 1668
...
006 (4894.002.000) 03/30 20:31:25 Image size of job updated: 1668
...
006 (4894.000.000) 03/30 20:31:25 Image size of job updated: 1668
...
005 (4894.000.000) 03/30 20:32:01 Job terminated.
	(1) Normal termination (return value 1)
		Usr 0 00:00:32, Sys 0 00:00:00  -  Run Remote Usage
		Usr 0 00:00:00, Sys 0 00:00:00  -  Run Local Usage
		Usr 0 00:00:32, Sys 0 00:00:00  -  Total Remote Usage
		Usr 0 00:00:00, Sys 0 00:00:00  -  Total Local Usage
	1765  -  Run Bytes Sent By Job
	17692  -  Run Bytes Received By Job
	1765  -  Total Bytes Sent By Job
	17692  -  Total Bytes Received By Job
...
005 (4894.002.000) 03/30 20:32:01 Job terminated.
	(1) Normal termination (return value 1)
		Usr 0 00:00:43, Sys 0 00:00:00  -  Run Remote Usage
		Usr 0 00:00:00, Sys 0 00:00:00  -  Run Local Usage
		Usr 0 00:00:43, Sys 0 00:00:00  -  Total Remote Usage
		Usr 0 00:00:00, Sys 0 00:00:00  -  Total Local Usage
	1765  -  Run Bytes Sent By Job
	17692  -  Run Bytes Received By Job
	1765  -  Total Bytes Sent By Job
	17692  -  Total Bytes Received By Job
...
005 (4894.004.000) 03/30 20:32:02 Job terminated.
	(1) Normal termination (return value 1)
		Usr 0 00:00:43, Sys 0 00:00:00  -  Run Remote Usage
		Usr 0 00:00:00, Sys 0 00:00:00  -  Run Local Usage
		Usr 0 00:00:43, Sys 0 00:00:00  -  Total Remote Usage
		Usr 0 00:00:00, Sys 0 00:00:00  -  Total Local Usage
	1765  -  Run Bytes Sent By Job
	17692  -  Run Bytes Received By Job
	1765  -  Total Bytes Sent By Job
	17692  -  Total Bytes Received By Job
...
005 (4894.001.000) 03/30 20:32:02 Job terminated.
	(1) Normal termination (return value 1)
		Usr 0 00:00:43, Sys 0 00:00:00  -  Run Remote Usage
		Usr 0 00:00:00, Sys 0 00:00:00  -  Run Local Usage
		Usr 0 00:00:43, Sys 0 00:00:00  -  Total Remote Usage
		Usr 0 00:00:00, Sys 0 00:00:00  -  Total Local Usage
	1765  -  Run Bytes Sent By Job
	17692  -  Run Bytes Received By Job
	1765  -  Total Bytes Sent By Job
	17692  -  Total Bytes Received By Job
...
005 (4894.003.000) 03/30 20:32:04 Job terminated.
	(1) Normal termination (return value 1)
		Usr 0 00:00:46, Sys 0 00:00:00  -  Run Remote Usage
		Usr 0 00:00:00, Sys 0 00:00:00  -  Run Local Usage
		Usr 0 00:00:46, Sys 0 00:00:00  -  Total Remote Usage
		Usr 0 00:00:00, Sys 0 00:00:00  -  Total Local Usage
	1765  -  Run Bytes Sent By Job
	17692  -  Run Bytes Received By Job
	1765  -  Total Bytes Sent By Job
	17692  -  Total Bytes Received By Job
...
000 (4895.000.000) 03/30 20:33:27 Job submitted from host: <192.168.1.1:40323>
...
000 (4895.001.000) 03/30 20:33:27 Job submitted from host: <192.168.1.1:40323>
...
000 (4895.002.000) 03/30 20:33:27 Job submitted from host: <192.168.1.1:40323>
...
000 (4895.003.000) 03/30 20:33:27 Job submitted from host: <192.168.1.1:40323>
...
000 (4895.004.000) 03/30 20:33:27 Job submitted from host: <192.168.1.1:40323>
...
001 (4895.003.000) 03/30 20:33:33 Job executing on host: <192.168.1.102:44510>
...
001 (4895.002.000) 03/30 20:33:33 Job executing on host: <192.168.1.102:44510>
...
001 (4895.000.000) 03/30 20:33:33 Job executing on host: <192.168.1.102:44510>
...
001 (4895.001.000) 03/30 20:33:33 Job executing on host: <192.168.1.102:44510>
...
001 (4895.004.000) 03/30 20:33:33 Job executing on host: <192.168.1.104:48204>
...
006 (4895.003.000) 03/30 20:33:41 Image size of job updated: 1668
...
006 (4895.002.000) 03/30 20:33:41 Image size of job updated: 1668
...
006 (4895.000.000) 03/30 20:33:41 Image size of job updated: 1668
...
005 (4895.003.000) 03/30 20:34:16 Job terminated.
	(1) Normal termination (return value 1)
		Usr 0 00:00:29, Sys 0 00:00:00  -  Run Remote Usage
		Usr 0 00:00:00, Sys 0 00:00:00  -  Run Local Usage
		Usr 0 00:00:29, Sys 0 00:00:00  -  Total Remote Usage
		Usr 0 00:00:00, Sys 0 00:00:00  -  Total Local Usage
	1765  -  Run Bytes Sent By Job
	17692  -  Run Bytes Received By Job
	1765  -  Total Bytes Sent By Job
	17692  -  Total Bytes Received By Job
...
005 (4895.002.000) 03/30 20:34:17 Job terminated.
	(1) Normal termination (return value 1)
		Usr 0 00:00:43, Sys 0 00:00:00  -  Run Remote Usage
		Usr 0 00:00:00, Sys 0 00:00:00  -  Run Local Usage
		Usr 0 00:00:43, Sys 0 00:00:00  -  Total Remote Usage
		Usr 0 00:00:00, Sys 0 00:00:00  -  Total Local Usage
	1765  -  Run Bytes Sent By Job
	17692  -  Run Bytes Received By Job
	1765  -  Total Bytes Sent By Job
	17692  -  Total Bytes Received By Job
...
005 (4895.004.000) 03/30 20:34:17 Job terminated.
	(1) Normal termination (return value 1)
		Usr 0 00:00:29, Sys 0 00:00:00  -  Run Remote Usage
		Usr 0 00:00:00, Sys 0 00:00:00  -  Run Local Usage
		Usr 0 00:00:29, Sys 0 00:00:00  -  Total Remote Usage
		Usr 0 00:00:00, Sys 0 00:00:00  -  Total Local Usage
	1765  -  Run Bytes Sent By Job
	17692  -  Run Bytes Received By Job
	1765  -  Total Bytes Sent By Job
	17692  -  Total Bytes Received By Job
...
005 (4895.001.000) 03/30 20:34:17 Job terminated.
	(1) Normal termination (return value 1)
		Usr 0 00:00:43, Sys 0 00:00:00  -  Run Remote Usage
		Usr 0 00:00:00, Sys 0 00:00:00  -  Run Local Usage
		Usr 0 00:00:43, Sys 0 00:00:00  -  Total Remote Usage
		Usr 0 00:00:00, Sys 0 00:00:00  -  Total Local Usage
	1765  -  Run Bytes Sent By Job
	17692  -  Run Bytes Received By Job
	1765  -  Total Bytes Sent By Job
	17692  -  Total Bytes Received By Job
...
005 (4895.000.000) 03/30 20:34:19 Job terminated.
	(1) Normal termination (return value 1)
		Usr 0 00:00:43, Sys 0 00:00:00  -  Run Remote Usage
		Usr 0 00:00:00, Sys 0 00:00:00  -  Run Local Usage
		Usr 0 00:00:43, Sys 0 00:00:00  -  Total Remote Usage
		Usr 0 00:00:00, Sys 0 00:00:00  -  Total Local Usage
	1765  -  Run Bytes Sent By Job
	17692  -  Run Bytes Received By Job
	1765  -  Total Bytes Sent By Job
	17692  -  Total Bytes Received By Job
...
000 (4896.000.000) 03/30 20:34:46 Job submitted from host: <192.168.1.1:40323>
...
000 (4896.001.000) 03/30 20:34:46 Job submitted from host: <192.168.1.1:40323>
...
000 (4896.002.000) 03/30 20:34:46 Job submitted from host: <192.168.1.1:40323>
...
000 (4896.003.000) 03/30 20:34:46 Job submitted from host: <192.168.1.1:40323>
...
000 (4896.004.000) 03/30 20:34:46 Job submitted from host: <192.168.1.1:40323>
...
001 (4896.001.000) 03/30 20:34:51 Job executing on host: <192.168.1.102:44510>
...
001 (4896.003.000) 03/30 20:34:51 Job executing on host: <192.168.1.102:44510>
...
001 (4896.000.000) 03/30 20:34:51 Job executing on host: <192.168.1.102:44510>
...
001 (4896.004.000) 03/30 20:34:51 Job executing on host: <192.168.1.104:48204>
...
001 (4896.002.000) 03/30 20:34:51 Job executing on host: <192.168.1.102:44510>
...
006 (4896.001.000) 03/30 20:34:59 Image size of job updated: 1668
...
006 (4896.003.000) 03/30 20:34:59 Image size of job updated: 1668
...
006 (4896.000.000) 03/30 20:34:59 Image size of job updated: 1668
...
004 (4896.002.000) 03/30 20:35:19 Job was evicted.
	(0) Job was not checkpointed.
		Usr 0 00:00:27, Sys 0 00:00:00  -  Run Remote Usage
		Usr 0 00:00:00, Sys 0 00:00:00  -  Run Local Usage
	0  -  Run Bytes Sent By Job
	17692  -  Run Bytes Received By Job
...
009 (4896.002.000) 03/30 20:35:19 Job was aborted by the user.
	via condor_rm (by user user4)
...
005 (4896.001.000) 03/30 20:35:35 Job terminated.
	(1) Normal termination (return value 1)
		Usr 0 00:00:43, Sys 0 00:00:00  -  Run Remote Usage
		Usr 0 00:00:00, Sys 0 00:00:00  -  Run Local Usage
		Usr 0 00:00:43, Sys 0 00:00:00  -  Total Remote Usage
		Usr 0 00:00:00, Sys 0 00:00:00  -  Total Local Usage
	1765  -  Run Bytes Sent By Job
	17692  -  Run Bytes Received By Job
	1765  -  Total Bytes Sent By Job
	17692  -  Total Bytes Received By Job
...
005 (4896.000.000) 03/30 20:35:35 Job terminated.
	(1) Normal termination (return value 1)
		Usr 0 00:00:43, Sys 0 00:00:00  -  Run Remote Usage
		Usr 0 00:00:00, Sys 0 00:00:00  -  Run Local Usage
		Usr 0 00:00:43, Sys 0 00:00:00  -  Total Remote Usage
		Usr 0 00:00:00, Sys 0 00:00:00  -  Total Local Usage
	1765  -  Run Bytes Sent By Job
	17692  -  Run Bytes Received By Job
	1765  -  Total Bytes Sent By Job
	17692  -  Total Bytes Received By Job
...
005 (4896.004.000) 03/30 20:35:36 Job terminated.
	(1) Normal termination (return value 1)
		Usr 0 00:00:44, Sys 0 00:00:00  -  Run Remote Usage
		Usr 0 00:00:00, Sys 0 00:00:00  -  Run Local Usage
		Usr 0 00:00:44, Sys 0 00:00:00  -  Total Remote Usage
		Usr 0 00:00:00, Sys 0 00:00:00  -  Total Local Usage
	1765  -  Run Bytes Sent By Job
	17692  -  Run Bytes Received By Job
	1765  -  Total Bytes Sent By Job
	17692  -  Total Bytes Received By Job
...
005 (4896.003.000) 03/30 20:35:36 Job terminated.
	(1) Normal termination (return value 1)
		Usr 0 00:00:43, Sys 0 00:00:00  -  Run Remote Usage
		Usr 0 00:00:00, Sys 0 00:00:00  -  Run Local Usage
		Usr 0 00:00:43, Sys 0 00:00:00  -  Total Remote Usage
		Usr 0 00:00:00, Sys 0 00:00:00  -  Total Local Usage
	1765  -  Run Bytes Sent By Job
	17692  -  Run Bytes Received By Job
	1765  -  Total Bytes Sent By Job
	17692  -  Total Bytes Received By Job
...
